
                            < M A T L A B (R) >
                  Copyright 1984-2016 The MathWorks, Inc.
                   R2016a (9.0.0.341360) 64-bit (glnxa64)
                             February 11, 2016

 
To get started, type one of these: helpwin, helpdesk, or demo.
For product information, visit www.mathworks.com.
 

	Academic License

>> >> >> >> >> >> >> >> >> >> >> >> >> >> >> >> >> 
Dofs =

    78

>> 
Dofs =

      166803

>> >> >> >> >> >> >> >> >> >> >> >> >> >> >> >> >> >> >> >> >> >> >> >> >> >> >> >> >> >> >> >> >> >> >> >> >> >> >> >> >> >> >> >> >> >> >> >> >> >> >> >> >> >> >> >> >> >> >> >> >> >> >> >> >> >> >> >> >> >> >> >> >> >> >> >> >> >> >> >> >> >> >> >> >> >> >> >> >> >> >> >> >> >> >> >> >> >> >> >> >> >> >> >> >> >> >> >> >> >> >> >> >> >> >> >> >> >> >> >> >> >> >> 
Dofs =

      166803

>> >> >> >> >> >> >> >> >> >> 
ans =

    1.0000   -2.7441


ans =

    2.0000   -3.0646


ans =

    3.0000   -3.4012


ans =

    4.0000   -3.7373


ans =

    5.0000   -4.0717


ans =

    6.0000   -4.4046


ans =

    7.0000   -4.7359


ans =

    8.0000   -5.0649


ans =

    9.0000   -5.3895


ans =

   10.0000   -5.7055


ans =

   11.0000   -6.0037


ans =

   12.0000   -6.2671


ans =

   13.0000   -6.4750


ans =

   14.0000   -6.6209


ans =

   15.0000   -6.7194


ans =

   16.0000   -6.7905


ans =

   17.0000   -6.8473


ans =

   18.0000   -6.8967


ans =

   19.0000   -6.9423


ans =

   20.0000   -6.9859


ans =

   21.0000   -7.0283


ans =

   22.0000   -7.0702


ans =

   23.0000   -7.1119


ans =

   24.0000   -7.1534


ans =

   25.0000   -7.1948


ans =

   26.0000   -7.2363


ans =

   27.0000   -7.2777


ans =

   28.0000   -7.3192


ans =

   29.0000   -7.3606


ans =

   30.0000   -7.4021


ans =

   31.0000   -7.4436


ans =

   32.0000   -7.4852


ans =

   33.0000   -7.5267


ans =

   34.0000   -7.5682


ans =

   35.0000   -7.6098


ans =

   36.0000   -7.6513


ans =

   37.0000   -7.6928


ans =

   38.0000   -7.7344


ans =

   39.0000   -7.7759


ans =

   40.0000   -7.8175


ans =

   41.0000   -7.8590


ans =

   42.0000   -7.9006

