
                            < M A T L A B (R) >
                  Copyright 1984-2016 The MathWorks, Inc.
                   R2016a (9.0.0.341360) 64-bit (glnxa64)
                             February 11, 2016

 
To get started, type one of these: helpwin, helpdesk, or demo.
For product information, visit www.mathworks.com.
 

	Academic License

>> >> >> >> >> >> >> >> >> >> >> >> >> >> >> >> >> 
Dofs =

    78

>> 
Dofs =

      166803

>> >> >> >> >> >> >> >> >> >> >> >> >> >> >> >> >> >> >> >> >> >> >> >> >> >> >> >> >> >> >> >> >> >> >> >> >> >> >> >> >> >> >> >> >> >> >> >> >> >> >> >> >> >> >> >> >> >> >> >> >> >> >> >> >> >> >> >> >> >> >> >> >> >> >> >> >> >> >> >> >> >> >> >> >> >> >> >> >> >> >> >> >> >> >> >> >> >> >> >> >> >> >> >> >> >> >> >> >> >> >> >> >> >> >> >> >> >> >> >> >> >> >> 
Dofs =

      166803

>> >> >> >> >> >> >> >> >> >> 
ans =

    1.0000   -7.7098


ans =

    2.0000   -7.7405


ans =

    3.0000   -7.7712


ans =

    4.0000   -7.8019


ans =

    5.0000   -7.8325


ans =

    6.0000   -7.8632


ans =

    7.0000   -7.8939


ans =

    8.0000   -7.9246


ans =

    9.0000   -7.9552


ans =

   10.0000   -7.9859


ans =

   11.0000   -8.0166


ans =

   12.0000   -8.0473


ans =

   13.0000   -8.0779


ans =

   14.0000   -8.1086


ans =

   15.0000   -8.1393


ans =

   16.0000   -8.1700


ans =

   17.0000   -8.2006


ans =

   18.0000   -8.2313


ans =

   19.0000   -8.2620


ans =

   20.0000   -8.2927


ans =

   21.0000   -8.3233


ans =

   22.0000   -8.3540


ans =

   23.0000   -8.3847


ans =

   24.0000   -8.4154


ans =

   25.0000   -8.4460


ans =

   26.0000   -8.4767


ans =

   27.0000   -8.5074


ans =

   28.0000   -8.5381


ans =

   29.0000   -8.5687


ans =

   30.0000   -8.5994


ans =

   31.0000   -8.6301


ans =

   32.0000   -8.6608


ans =

   33.0000   -8.6914


ans =

   34.0000   -8.7221


ans =

   35.0000   -8.7528


ans =

   36.0000   -8.7834


ans =

   37.0000   -8.8141


ans =

   38.0000   -8.8448


ans =

   39.0000   -8.8755


ans =

   40.0000   -8.9061


ans =

   41.0000   -8.9368


ans =

   42.0000   -8.9675


ans =

   43.0000   -8.9981


ans =

   44.0000   -9.0288


ans =

   45.0000   -9.0595


ans =

   46.0000   -9.0902


ans =

   47.0000   -9.1209


ans =

   48.0000   -9.1515


ans =

   49.0000   -9.1822


ans =

   50.0000   -9.2128


ans =

   51.0000   -9.2435


ans =

   52.0000   -9.2742


ans =

   53.0000   -9.3048


ans =

   54.0000   -9.3355


ans =

   55.0000   -9.3661

