
                            < M A T L A B (R) >
                  Copyright 1984-2016 The MathWorks, Inc.
                   R2016a (9.0.0.341360) 64-bit (glnxa64)
                             February 11, 2016

 
To get started, type one of these: helpwin, helpdesk, or demo.
For product information, visit www.mathworks.com.
 

	Academic License

>> >> >> >> >> >> >> >> >> >> >> >> >> >> >> >> >> 
Dofs =

    78

>> 
Dofs =

      166803

>> >> >> >> >> >> >> >> >> >> >> >> >> >> >> >> >> >> >> >> >> >> >> >> >> >> >> >> >> >> >> >> >> >> >> >> >> >> >> >> >> >> >> >> >> >> >> >> >> >> >> >> >> >> >> >> >> >> >> >> >> >> >> >> >> >> >> >> >> >> >> >> >> >> >> >> >> >> >> >> >> >> >> >> >> >> >> >> >> >> >> >> >> >> >> >> >> >> >> >> >> >> >> >> >> >> >> >> >> >> >> >> >> >> >> >> >> >> >> >> >> >> >> 
Dofs =

      166803

>> >> >> >> >> >> >> >> >> >> 
ans =

    1.0000   -9.3968


ans =

    2.0000   -9.4275


ans =

    3.0000   -9.4581


ans =

    4.0000   -9.4888


ans =

    5.0000   -9.5194


ans =

    6.0000   -9.5500


ans =

    7.0000   -9.5807


ans =

    8.0000   -9.6113


ans =

    9.0000   -9.6420


ans =

   10.0000   -9.6725


ans =

   11.0000   -9.7031


ans =

   12.0000   -9.7337


ans =

   13.0000   -9.7643


ans =

   14.0000   -9.7949


ans =

   15.0000   -9.8253


ans =

   16.0000   -9.8559


ans =

   17.0000   -9.8863


ans =

   18.0000   -9.9169


ans =

   19.0000   -9.9474


ans =

   20.0000   -9.9776


ans =

   21.0000  -10.0082

>> >> >> >> >> >> >> >> >> >> >> >> >> >> >> >> >> >> >> >> >> >> >> >> >> >> >> >> >> >> >> >> >> >> >> >> >> >> >> >> >> >> >> >> >> >> >> >> >> >> >> >> >> >> >> >> >> >> >> >> >> >> >> >> >> >> >> >> >> >> >> >> >> >> >> >> >> >> 