The system is: Darwin - 17.7.0 - x86_64
Compiling the C compiler identification source file "CMakeCCompilerId.c" succeeded.
Compiler: /opt/moose/mpich-3.2/clang-5.0.1/bin/mpicc 
Build flags: 
Id flags:  

The output was:
0


Compilation of the C compiler identification source "CMakeCCompilerId.c" produced "a.out"

The C compiler identification is Clang, found in "/Users/gabrielerovi/fenics/3DLSFEM/petsc_prova/bin/CMakeFiles/3.8.1/CompilerIdC/a.out"

Compiling the CXX compiler identification source file "CMakeCXXCompilerId.cpp" succeeded.
Compiler: /opt/moose/mpich-3.2/clang-5.0.1/bin/mpicxx 
Build flags: 
Id flags:  

The output was:
0


Compilation of the CXX compiler identification source "CMakeCXXCompilerId.cpp" produced "a.out"

The CXX compiler identification is Clang, found in "/Users/gabrielerovi/fenics/3DLSFEM/petsc_prova/bin/CMakeFiles/3.8.1/CompilerIdCXX/a.out"

Determining if the C compiler works passed with the following output:
Change Dir: /Users/gabrielerovi/fenics/3DLSFEM/petsc_prova/bin/CMakeFiles/CMakeTmp

Run Build Command:"/usr/bin/make" "cmTC_46f52/fast"
/Library/Developer/CommandLineTools/usr/bin/make -f CMakeFiles/cmTC_46f52.dir/build.make CMakeFiles/cmTC_46f52.dir/build
Building C object CMakeFiles/cmTC_46f52.dir/testCCompiler.c.o
/opt/moose/mpich-3.2/clang-5.0.1/bin/mpicc    -o CMakeFiles/cmTC_46f52.dir/testCCompiler.c.o   -c /Users/gabrielerovi/fenics/3DLSFEM/petsc_prova/bin/CMakeFiles/CMakeTmp/testCCompiler.c
Linking C executable cmTC_46f52
/Applications/CMake.app/Contents/bin/cmake -E cmake_link_script CMakeFiles/cmTC_46f52.dir/link.txt --verbose=1
/opt/moose/mpich-3.2/clang-5.0.1/bin/mpicc   -Wl,-search_paths_first -Wl,-headerpad_max_install_names   CMakeFiles/cmTC_46f52.dir/testCCompiler.c.o  -o cmTC_46f52 


Detecting C compiler ABI info compiled with the following output:
Change Dir: /Users/gabrielerovi/fenics/3DLSFEM/petsc_prova/bin/CMakeFiles/CMakeTmp

Run Build Command:"/usr/bin/make" "cmTC_f511b/fast"
/Library/Developer/CommandLineTools/usr/bin/make -f CMakeFiles/cmTC_f511b.dir/build.make CMakeFiles/cmTC_f511b.dir/build
Building C object CMakeFiles/cmTC_f511b.dir/CMakeCCompilerABI.c.o
/opt/moose/mpich-3.2/clang-5.0.1/bin/mpicc    -o CMakeFiles/cmTC_f511b.dir/CMakeCCompilerABI.c.o   -c /Applications/CMake.app/Contents/share/cmake-3.8/Modules/CMakeCCompilerABI.c
Linking C executable cmTC_f511b
/Applications/CMake.app/Contents/bin/cmake -E cmake_link_script CMakeFiles/cmTC_f511b.dir/link.txt --verbose=1
/opt/moose/mpich-3.2/clang-5.0.1/bin/mpicc   -Wl,-search_paths_first -Wl,-headerpad_max_install_names  -v -Wl,-v CMakeFiles/cmTC_f511b.dir/CMakeCCompilerABI.c.o  -o cmTC_f511b 
mpicc for MPICH version 3.2
clang version 5.0.1 (tags/RELEASE_501/final)
Target: x86_64-apple-darwin17.7.0
Thread model: posix
InstalledDir: /opt/moose/llvm-5.0.1/bin
 "/opt/local/bin/ld" -demangle -lto_library /opt/moose/llvm-5.0.1/lib/libLTO.dylib -dynamic -arch x86_64 -macosx_version_min 10.13.0 -o cmTC_f511b -L/opt/moose/mpich-3.2/clang-5.0.1/lib -commons use_dylibs -search_paths_first -headerpad_max_install_names -v CMakeFiles/cmTC_f511b.dir/CMakeCCompilerABI.c.o -lmpi -lpmpi -L/opt/moose/llvm-5.0.1/lib -lSystem /opt/moose/llvm-5.0.1/lib/clang/5.0.1/lib/darwin/libclang_rt.osx.a
@(#)PROGRAM:ld  PROJECT:ld64-274.2
configured to support archs: i386 x86_64 x86_64h armv6 armv7 armv7s armv7m armv7k arm64 (tvOS)
Library search paths:
	/opt/moose/mpich-3.2/clang-5.0.1/lib
	/opt/moose/llvm-5.0.1/lib
	/usr/lib
	/usr/local/lib
Framework search paths:
	/Library/Frameworks/
	/System/Library/Frameworks/


Parsed C implicit link information from above output:
  link line regex: [^( *|.*[/\])(ld|([^/\]+-)?ld|collect2)[^/\]*( |$)]
  ignore line: [Change Dir: /Users/gabrielerovi/fenics/3DLSFEM/petsc_prova/bin/CMakeFiles/CMakeTmp]
  ignore line: []
  ignore line: [Run Build Command:"/usr/bin/make" "cmTC_f511b/fast"]
  ignore line: [/Library/Developer/CommandLineTools/usr/bin/make -f CMakeFiles/cmTC_f511b.dir/build.make CMakeFiles/cmTC_f511b.dir/build]
  ignore line: [Building C object CMakeFiles/cmTC_f511b.dir/CMakeCCompilerABI.c.o]
  ignore line: [/opt/moose/mpich-3.2/clang-5.0.1/bin/mpicc    -o CMakeFiles/cmTC_f511b.dir/CMakeCCompilerABI.c.o   -c /Applications/CMake.app/Contents/share/cmake-3.8/Modules/CMakeCCompilerABI.c]
  ignore line: [Linking C executable cmTC_f511b]
  ignore line: [/Applications/CMake.app/Contents/bin/cmake -E cmake_link_script CMakeFiles/cmTC_f511b.dir/link.txt --verbose=1]
  ignore line: [/opt/moose/mpich-3.2/clang-5.0.1/bin/mpicc   -Wl,-search_paths_first -Wl,-headerpad_max_install_names  -v -Wl,-v CMakeFiles/cmTC_f511b.dir/CMakeCCompilerABI.c.o  -o cmTC_f511b ]
  ignore line: [mpicc for MPICH version 3.2]
  ignore line: [clang version 5.0.1 (tags/RELEASE_501/final)]
  ignore line: [Target: x86_64-apple-darwin17.7.0]
  ignore line: [Thread model: posix]
  ignore line: [InstalledDir: /opt/moose/llvm-5.0.1/bin]
  link line: [ "/opt/local/bin/ld" -demangle -lto_library /opt/moose/llvm-5.0.1/lib/libLTO.dylib -dynamic -arch x86_64 -macosx_version_min 10.13.0 -o cmTC_f511b -L/opt/moose/mpich-3.2/clang-5.0.1/lib -commons use_dylibs -search_paths_first -headerpad_max_install_names -v CMakeFiles/cmTC_f511b.dir/CMakeCCompilerABI.c.o -lmpi -lpmpi -L/opt/moose/llvm-5.0.1/lib -lSystem /opt/moose/llvm-5.0.1/lib/clang/5.0.1/lib/darwin/libclang_rt.osx.a]
    arg [/opt/local/bin/ld] ==> ignore
    arg [-demangle] ==> ignore
    arg [-lto_library] ==> ignore, skip following value
    arg [/opt/moose/llvm-5.0.1/lib/libLTO.dylib] ==> skip value of -lto_library
    arg [-dynamic] ==> ignore
    arg [-arch] ==> ignore
    arg [x86_64] ==> ignore
    arg [-macosx_version_min] ==> ignore
    arg [10.13.0] ==> ignore
    arg [-o] ==> ignore
    arg [cmTC_f511b] ==> ignore
    arg [-L/opt/moose/mpich-3.2/clang-5.0.1/lib] ==> dir [/opt/moose/mpich-3.2/clang-5.0.1/lib]
    arg [-commons] ==> ignore
    arg [use_dylibs] ==> ignore
    arg [-search_paths_first] ==> ignore
    arg [-headerpad_max_install_names] ==> ignore
    arg [-v] ==> ignore
    arg [CMakeFiles/cmTC_f511b.dir/CMakeCCompilerABI.c.o] ==> ignore
    arg [-lmpi] ==> lib [mpi]
    arg [-lpmpi] ==> lib [pmpi]
    arg [-L/opt/moose/llvm-5.0.1/lib] ==> dir [/opt/moose/llvm-5.0.1/lib]
    arg [-lSystem] ==> lib [System]
    arg [/opt/moose/llvm-5.0.1/lib/clang/5.0.1/lib/darwin/libclang_rt.osx.a] ==> lib [/opt/moose/llvm-5.0.1/lib/clang/5.0.1/lib/darwin/libclang_rt.osx.a]
  Library search paths: [;/opt/moose/mpich-3.2/clang-5.0.1/lib;/opt/moose/llvm-5.0.1/lib;/usr/lib;/usr/local/lib]
  Framework search paths: [;/Library/Frameworks/;/System/Library/Frameworks/]
  remove lib [System]
  remove lib [/opt/moose/llvm-5.0.1/lib/clang/5.0.1/lib/darwin/libclang_rt.osx.a]
  collapse library dir [/opt/moose/mpich-3.2/clang-5.0.1/lib] ==> [/opt/moose/mpich-3.2/clang-5.0.1/lib]
  collapse library dir [/opt/moose/llvm-5.0.1/lib] ==> [/opt/moose/llvm-5.0.1/lib]
  collapse library dir [/opt/moose/mpich-3.2/clang-5.0.1/lib] ==> [/opt/moose/mpich-3.2/clang-5.0.1/lib]
  collapse library dir [/opt/moose/llvm-5.0.1/lib] ==> [/opt/moose/llvm-5.0.1/lib]
  collapse library dir [/usr/lib] ==> [/usr/lib]
  collapse library dir [/usr/local/lib] ==> [/usr/local/lib]
  collapse framework dir [/Library/Frameworks/] ==> [/Library/Frameworks]
  collapse framework dir [/System/Library/Frameworks/] ==> [/System/Library/Frameworks]
  implicit libs: [mpi;pmpi]
  implicit dirs: [/opt/moose/mpich-3.2/clang-5.0.1/lib;/opt/moose/llvm-5.0.1/lib;/usr/lib;/usr/local/lib]
  implicit fwks: [/Library/Frameworks;/System/Library/Frameworks]


Determining if the CXX compiler works passed with the following output:
Change Dir: /Users/gabrielerovi/fenics/3DLSFEM/petsc_prova/bin/CMakeFiles/CMakeTmp

Run Build Command:"/usr/bin/make" "cmTC_00d0a/fast"
/Library/Developer/CommandLineTools/usr/bin/make -f CMakeFiles/cmTC_00d0a.dir/build.make CMakeFiles/cmTC_00d0a.dir/build
Building CXX object CMakeFiles/cmTC_00d0a.dir/testCXXCompiler.cxx.o
/opt/moose/mpich-3.2/clang-5.0.1/bin/mpicxx     -o CMakeFiles/cmTC_00d0a.dir/testCXXCompiler.cxx.o -c /Users/gabrielerovi/fenics/3DLSFEM/petsc_prova/bin/CMakeFiles/CMakeTmp/testCXXCompiler.cxx
Linking CXX executable cmTC_00d0a
/Applications/CMake.app/Contents/bin/cmake -E cmake_link_script CMakeFiles/cmTC_00d0a.dir/link.txt --verbose=1
/opt/moose/mpich-3.2/clang-5.0.1/bin/mpicxx    -Wl,-search_paths_first -Wl,-headerpad_max_install_names   CMakeFiles/cmTC_00d0a.dir/testCXXCompiler.cxx.o  -o cmTC_00d0a 


Detecting CXX compiler ABI info compiled with the following output:
Change Dir: /Users/gabrielerovi/fenics/3DLSFEM/petsc_prova/bin/CMakeFiles/CMakeTmp

Run Build Command:"/usr/bin/make" "cmTC_339ba/fast"
/Library/Developer/CommandLineTools/usr/bin/make -f CMakeFiles/cmTC_339ba.dir/build.make CMakeFiles/cmTC_339ba.dir/build
Building CXX object CMakeFiles/cmTC_339ba.dir/CMakeCXXCompilerABI.cpp.o
/opt/moose/mpich-3.2/clang-5.0.1/bin/mpicxx     -o CMakeFiles/cmTC_339ba.dir/CMakeCXXCompilerABI.cpp.o -c /Applications/CMake.app/Contents/share/cmake-3.8/Modules/CMakeCXXCompilerABI.cpp
Linking CXX executable cmTC_339ba
/Applications/CMake.app/Contents/bin/cmake -E cmake_link_script CMakeFiles/cmTC_339ba.dir/link.txt --verbose=1
/opt/moose/mpich-3.2/clang-5.0.1/bin/mpicxx    -Wl,-search_paths_first -Wl,-headerpad_max_install_names  -v -Wl,-v CMakeFiles/cmTC_339ba.dir/CMakeCXXCompilerABI.cpp.o  -o cmTC_339ba 
mpicxx for MPICH version 3.2
clang version 5.0.1 (tags/RELEASE_501/final)
Target: x86_64-apple-darwin17.7.0
Thread model: posix
InstalledDir: /opt/moose/llvm-5.0.1/bin
 "/opt/local/bin/ld" -demangle -lto_library /opt/moose/llvm-5.0.1/lib/libLTO.dylib -dynamic -arch x86_64 -macosx_version_min 10.13.0 -o cmTC_339ba -L/opt/moose/mpich-3.2/clang-5.0.1/lib -commons use_dylibs -search_paths_first -headerpad_max_install_names -v CMakeFiles/cmTC_339ba.dir/CMakeCXXCompilerABI.cpp.o -lmpicxx -lmpi -lpmpi -L/opt/moose/llvm-5.0.1/lib -lc++ -lSystem /opt/moose/llvm-5.0.1/lib/clang/5.0.1/lib/darwin/libclang_rt.osx.a
@(#)PROGRAM:ld  PROJECT:ld64-274.2
configured to support archs: i386 x86_64 x86_64h armv6 armv7 armv7s armv7m armv7k arm64 (tvOS)
Library search paths:
	/opt/moose/mpich-3.2/clang-5.0.1/lib
	/opt/moose/llvm-5.0.1/lib
	/usr/lib
	/usr/local/lib
Framework search paths:
	/Library/Frameworks/
	/System/Library/Frameworks/


Parsed CXX implicit link information from above output:
  link line regex: [^( *|.*[/\])(ld|([^/\]+-)?ld|collect2)[^/\]*( |$)]
  ignore line: [Change Dir: /Users/gabrielerovi/fenics/3DLSFEM/petsc_prova/bin/CMakeFiles/CMakeTmp]
  ignore line: []
  ignore line: [Run Build Command:"/usr/bin/make" "cmTC_339ba/fast"]
  ignore line: [/Library/Developer/CommandLineTools/usr/bin/make -f CMakeFiles/cmTC_339ba.dir/build.make CMakeFiles/cmTC_339ba.dir/build]
  ignore line: [Building CXX object CMakeFiles/cmTC_339ba.dir/CMakeCXXCompilerABI.cpp.o]
  ignore line: [/opt/moose/mpich-3.2/clang-5.0.1/bin/mpicxx     -o CMakeFiles/cmTC_339ba.dir/CMakeCXXCompilerABI.cpp.o -c /Applications/CMake.app/Contents/share/cmake-3.8/Modules/CMakeCXXCompilerABI.cpp]
  ignore line: [Linking CXX executable cmTC_339ba]
  ignore line: [/Applications/CMake.app/Contents/bin/cmake -E cmake_link_script CMakeFiles/cmTC_339ba.dir/link.txt --verbose=1]
  ignore line: [/opt/moose/mpich-3.2/clang-5.0.1/bin/mpicxx    -Wl,-search_paths_first -Wl,-headerpad_max_install_names  -v -Wl,-v CMakeFiles/cmTC_339ba.dir/CMakeCXXCompilerABI.cpp.o  -o cmTC_339ba ]
  ignore line: [mpicxx for MPICH version 3.2]
  ignore line: [clang version 5.0.1 (tags/RELEASE_501/final)]
  ignore line: [Target: x86_64-apple-darwin17.7.0]
  ignore line: [Thread model: posix]
  ignore line: [InstalledDir: /opt/moose/llvm-5.0.1/bin]
  link line: [ "/opt/local/bin/ld" -demangle -lto_library /opt/moose/llvm-5.0.1/lib/libLTO.dylib -dynamic -arch x86_64 -macosx_version_min 10.13.0 -o cmTC_339ba -L/opt/moose/mpich-3.2/clang-5.0.1/lib -commons use_dylibs -search_paths_first -headerpad_max_install_names -v CMakeFiles/cmTC_339ba.dir/CMakeCXXCompilerABI.cpp.o -lmpicxx -lmpi -lpmpi -L/opt/moose/llvm-5.0.1/lib -lc++ -lSystem /opt/moose/llvm-5.0.1/lib/clang/5.0.1/lib/darwin/libclang_rt.osx.a]
    arg [/opt/local/bin/ld] ==> ignore
    arg [-demangle] ==> ignore
    arg [-lto_library] ==> ignore, skip following value
    arg [/opt/moose/llvm-5.0.1/lib/libLTO.dylib] ==> skip value of -lto_library
    arg [-dynamic] ==> ignore
    arg [-arch] ==> ignore
    arg [x86_64] ==> ignore
    arg [-macosx_version_min] ==> ignore
    arg [10.13.0] ==> ignore
    arg [-o] ==> ignore
    arg [cmTC_339ba] ==> ignore
    arg [-L/opt/moose/mpich-3.2/clang-5.0.1/lib] ==> dir [/opt/moose/mpich-3.2/clang-5.0.1/lib]
    arg [-commons] ==> ignore
    arg [use_dylibs] ==> ignore
    arg [-search_paths_first] ==> ignore
    arg [-headerpad_max_install_names] ==> ignore
    arg [-v] ==> ignore
    arg [CMakeFiles/cmTC_339ba.dir/CMakeCXXCompilerABI.cpp.o] ==> ignore
    arg [-lmpicxx] ==> lib [mpicxx]
    arg [-lmpi] ==> lib [mpi]
    arg [-lpmpi] ==> lib [pmpi]
    arg [-L/opt/moose/llvm-5.0.1/lib] ==> dir [/opt/moose/llvm-5.0.1/lib]
    arg [-lc++] ==> lib [c++]
    arg [-lSystem] ==> lib [System]
    arg [/opt/moose/llvm-5.0.1/lib/clang/5.0.1/lib/darwin/libclang_rt.osx.a] ==> lib [/opt/moose/llvm-5.0.1/lib/clang/5.0.1/lib/darwin/libclang_rt.osx.a]
  Library search paths: [;/opt/moose/mpich-3.2/clang-5.0.1/lib;/opt/moose/llvm-5.0.1/lib;/usr/lib;/usr/local/lib]
  Framework search paths: [;/Library/Frameworks/;/System/Library/Frameworks/]
  remove lib [System]
  remove lib [/opt/moose/llvm-5.0.1/lib/clang/5.0.1/lib/darwin/libclang_rt.osx.a]
  collapse library dir [/opt/moose/mpich-3.2/clang-5.0.1/lib] ==> [/opt/moose/mpich-3.2/clang-5.0.1/lib]
  collapse library dir [/opt/moose/llvm-5.0.1/lib] ==> [/opt/moose/llvm-5.0.1/lib]
  collapse library dir [/opt/moose/mpich-3.2/clang-5.0.1/lib] ==> [/opt/moose/mpich-3.2/clang-5.0.1/lib]
  collapse library dir [/opt/moose/llvm-5.0.1/lib] ==> [/opt/moose/llvm-5.0.1/lib]
  collapse library dir [/usr/lib] ==> [/usr/lib]
  collapse library dir [/usr/local/lib] ==> [/usr/local/lib]
  collapse framework dir [/Library/Frameworks/] ==> [/Library/Frameworks]
  collapse framework dir [/System/Library/Frameworks/] ==> [/System/Library/Frameworks]
  implicit libs: [mpicxx;mpi;pmpi;c++]
  implicit dirs: [/opt/moose/mpich-3.2/clang-5.0.1/lib;/opt/moose/llvm-5.0.1/lib;/usr/lib;/usr/local/lib]
  implicit fwks: [/Library/Frameworks;/System/Library/Frameworks]


Performing C SOURCE FILE Test MULTIPASS_TEST_1_petsc_works_minimal succeeded with the following output:
Change Dir: /Users/gabrielerovi/fenics/3DLSFEM/petsc_prova/bin/CMakeFiles/CMakeTmp

Run Build Command:"/usr/bin/make" "cmTC_9083d/fast"
/Library/Developer/CommandLineTools/usr/bin/make -f CMakeFiles/cmTC_9083d.dir/build.make CMakeFiles/cmTC_9083d.dir/build
Building C object CMakeFiles/cmTC_9083d.dir/src.c.o
/opt/moose/mpich-3.2/clang-5.0.1/bin/mpicc  -I/opt/moose/petsc-3.7.6/mpich-3.2_clang-5.0.1-opt/include  -DMULTIPASS_TEST_1_petsc_works_minimal   -o CMakeFiles/cmTC_9083d.dir/src.c.o   -c /Users/gabrielerovi/fenics/3DLSFEM/petsc_prova/bin/CMakeFiles/CMakeTmp/src.c
Linking C executable cmTC_9083d
/Applications/CMake.app/Contents/bin/cmake -E cmake_link_script CMakeFiles/cmTC_9083d.dir/link.txt --verbose=1
/opt/moose/mpich-3.2/clang-5.0.1/bin/mpicc  -DMULTIPASS_TEST_1_petsc_works_minimal -Wl,-search_paths_first -Wl,-headerpad_max_install_names   CMakeFiles/cmTC_9083d.dir/src.c.o  -o cmTC_9083d /opt/moose/petsc-3.7.6/mpich-3.2_clang-5.0.1-opt/lib/libpetsc.dylib 

Return value: 1
Source file was:

static const char help[] = "PETSc test program.";
#include <petscts.h>
int main(int argc,char *argv[]) {
  PetscErrorCode ierr;
  TS ts;

  ierr = PetscInitialize(&argc,&argv,0,help);CHKERRQ(ierr);
  ierr = TSCreate(PETSC_COMM_WORLD,&ts);CHKERRQ(ierr);
  ierr = TSSetFromOptions(ts);CHKERRQ(ierr);
  ierr = TSDestroy(&ts);CHKERRQ(ierr);
  ierr = PetscFinalize();CHKERRQ(ierr);
  return 0;
}

